[debug] [2022-09-05T21:57:42.555Z] ----------------------------------------------------------------------
[debug] [2022-09-05T21:57:42.558Z] Command:       /home/wajahat-az/.nvm/versions/node/v16.13.0/bin/node /home/wajahat-az/.nvm/versions/node/v16.13.0/bin/firebase deploy
[debug] [2022-09-05T21:57:42.558Z] CLI Version:   11.7.0
[debug] [2022-09-05T21:57:42.559Z] Platform:      linux
[debug] [2022-09-05T21:57:42.559Z] Node Version:  v16.13.0
[debug] [2022-09-05T21:57:42.563Z] Time:          Tue Sep 06 2022 02:57:42 GMT+0500 (Pakistan Standard Time)
[debug] [2022-09-05T21:57:42.564Z] ----------------------------------------------------------------------
[debug] 
[debug] [2022-09-05T21:57:42.750Z] > command requires scopes: ["email","openid","https://www.googleapis.com/auth/cloudplatformprojects.readonly","https://www.googleapis.com/auth/firebase","https://www.googleapis.com/auth/cloud-platform"]
[debug] [2022-09-05T21:57:42.752Z] > authorizing via signed-in user (wajahatabbas27@gmail.com)
[debug] [2022-09-05T21:57:42.752Z] [iam] checking project todo-app-firebase-react-70d48 for permissions ["firebase.projects.get","firebasehosting.sites.update"]
[debug] [2022-09-05T21:57:42.755Z] > refreshing access token with scopes: []
[debug] [2022-09-05T21:57:42.759Z] >>> [apiv2][query] POST https://www.googleapis.com/oauth2/v3/token [none]
[debug] [2022-09-05T21:57:42.759Z] >>> [apiv2][body] POST https://www.googleapis.com/oauth2/v3/token [omitted]
[debug] [2022-09-05T21:57:43.981Z] <<< [apiv2][status] POST https://www.googleapis.com/oauth2/v3/token 200
[debug] [2022-09-05T21:57:43.981Z] <<< [apiv2][body] POST https://www.googleapis.com/oauth2/v3/token [omitted]
[debug] [2022-09-05T21:57:44.028Z] >>> [apiv2][query] POST https://cloudresourcemanager.googleapis.com/v1/projects/todo-app-firebase-react-70d48:testIamPermissions [none]
[debug] [2022-09-05T21:57:44.028Z] >>> [apiv2][(partial)header] POST https://cloudresourcemanager.googleapis.com/v1/projects/todo-app-firebase-react-70d48:testIamPermissions x-goog-quota-user=projects/todo-app-firebase-react-70d48
[debug] [2022-09-05T21:57:44.028Z] >>> [apiv2][body] POST https://cloudresourcemanager.googleapis.com/v1/projects/todo-app-firebase-react-70d48:testIamPermissions {"permissions":["firebase.projects.get","firebasehosting.sites.update"]}
[debug] [2022-09-05T21:57:47.442Z] <<< [apiv2][status] POST https://cloudresourcemanager.googleapis.com/v1/projects/todo-app-firebase-react-70d48:testIamPermissions 200
[debug] [2022-09-05T21:57:47.442Z] <<< [apiv2][body] POST https://cloudresourcemanager.googleapis.com/v1/projects/todo-app-firebase-react-70d48:testIamPermissions {"permissions":["firebase.projects.get","firebasehosting.sites.update"]}
[debug] [2022-09-05T21:57:47.446Z] >>> [apiv2][query] GET https://firebase.googleapis.com/v1beta1/projects/todo-app-firebase-react-70d48 [none]
[debug] [2022-09-05T21:57:54.428Z] <<< [apiv2][status] GET https://firebase.googleapis.com/v1beta1/projects/todo-app-firebase-react-70d48 200
[debug] [2022-09-05T21:57:54.429Z] <<< [apiv2][body] GET https://firebase.googleapis.com/v1beta1/projects/todo-app-firebase-react-70d48 {"projectId":"todo-app-firebase-react-70d48","projectNumber":"72657263080","displayName":"todo-app-firebase-react","name":"projects/todo-app-firebase-react-70d48","resources":{"hostingSite":"todo-app-firebase-react-70d48","storageBucket":"todo-app-firebase-react-70d48.appspot.com","locationId":"us-central"},"state":"ACTIVE","etag":"1_dfed592d-5cf0-4da5-a317-3dc9e823f101"}
[info] 
[info] === Deploying to 'todo-app-firebase-react-70d48'...
[info] 
[info] i  deploying hosting 
[debug] [2022-09-05T21:57:54.433Z] >>> [apiv2][query] GET https://firebase.googleapis.com/v1beta1/projects/todo-app-firebase-react-70d48 [none]
[debug] [2022-09-05T21:57:56.401Z] <<< [apiv2][status] GET https://firebase.googleapis.com/v1beta1/projects/todo-app-firebase-react-70d48 200
[debug] [2022-09-05T21:57:56.401Z] <<< [apiv2][body] GET https://firebase.googleapis.com/v1beta1/projects/todo-app-firebase-react-70d48 {"projectId":"todo-app-firebase-react-70d48","projectNumber":"72657263080","displayName":"todo-app-firebase-react","name":"projects/todo-app-firebase-react-70d48","resources":{"hostingSite":"todo-app-firebase-react-70d48","storageBucket":"todo-app-firebase-react-70d48.appspot.com","locationId":"us-central"},"state":"ACTIVE","etag":"1_dfed592d-5cf0-4da5-a317-3dc9e823f101"}
[debug] [2022-09-05T21:57:56.406Z] >>> [apiv2][query] POST https://firebasehosting.googleapis.com/v1beta1/projects/72657263080/sites/todo-app-firebase-react-70d48/versions [none]
[debug] [2022-09-05T21:57:56.406Z] >>> [apiv2][body] POST https://firebasehosting.googleapis.com/v1beta1/projects/72657263080/sites/todo-app-firebase-react-70d48/versions {"config":{"rewrites":[{"glob":"**","path":"/index.html"}]},"labels":{"deployment-tool":"cli-firebase"}}
[debug] [2022-09-05T21:58:01.076Z] <<< [apiv2][status] POST https://firebasehosting.googleapis.com/v1beta1/projects/72657263080/sites/todo-app-firebase-react-70d48/versions 200
[debug] [2022-09-05T21:58:01.076Z] <<< [apiv2][body] POST https://firebasehosting.googleapis.com/v1beta1/projects/72657263080/sites/todo-app-firebase-react-70d48/versions {"name":"projects/72657263080/sites/todo-app-firebase-react-70d48/versions/c388808b061b606c","status":"CREATED","config":{"rewrites":[{"glob":"**","path":"/index.html"}]},"labels":{"deployment-tool":"cli-firebase"}}
[info] i  hosting[todo-app-firebase-react-70d48]: beginning deploy... 
[info] i  hosting[todo-app-firebase-react-70d48]: found 12 files in build 
[debug] [2022-09-05T21:58:01.091Z] [hosting] uploading with 200 concurrency
[debug] [2022-09-05T21:58:01.879Z] [hosting] hash cache [YnVpbGQ] stored for 12 files
[debug] [2022-09-05T21:58:01.880Z] [hosting][hash queue][FINAL] {"max":775,"min":20,"avg":90.25,"active":0,"complete":12,"success":12,"errored":0,"retried":0,"total":12,"elapsed":784}
[debug] [2022-09-05T21:58:01.880Z] >>> [apiv2][query] POST https://firebasehosting.googleapis.com/v1beta1/projects/72657263080/sites/todo-app-firebase-react-70d48/versions/c388808b061b606c:populateFiles [none]
[debug] [2022-09-05T21:58:01.880Z] >>> [apiv2][body] POST https://firebasehosting.googleapis.com/v1beta1/projects/72657263080/sites/todo-app-firebase-react-70d48/versions/c388808b061b606c:populateFiles {"files":{"/asset-manifest.json":"5610b7f758a9a89c87ae0cde4f851988abf11af4aed6cb9faa1baf6d88c5af3b","/favicon.ico":"c599b7a91ab3627e3538125d9f40adc2d4bf949046984262670545dc7738af06","/index.html":"55203fafb8274fe29c03af16397890e9c42d45248b7646cff1dba874e8e8c84f","/logo192.png":"76c449ccb9cd117c2f2338f091b18f7050f3210e249b2228f5c81b23f34377cd","/logo512.png":"7779210d56c1f3741e2e487799fe3092def4fa6ac450a60532b807c3a8971205","/manifest.json":"0958a5e0c831126100c8c2d06a6bbaa665a3900f21aaff4130238a6f5a113aa1","/robots.txt":"2544ca049f223a42bff01f72ad930a5edba75bbb7199d0f8430a02ff5aca16ec","/static/css/main.76f3ae88.css":"377aaf5aeab532b1c006561e787ea27f150b398468bc05926f0005b90d662958","/static/css/main.76f3ae88.css.map":"1d5366ca3d025763e97ff59b958f9ad3b59033c2ac938d90e6707245b6314167","/static/js/main.e6633149.js.LICENSE.txt":"0d4714382b6c6c809d94398d64cb8ca762cdcf49bd484d5d446360d36af505a0","/static/js/main.e6633149.js":"425a0b6b781eb8759a32effc6d4f8b19f804edef691def6d13c4fbf4a444a63e","/static/js/main.e6633149.js.map":"04d09b5880c3c81cf0ff66f5193dec7e3f0d4c2f67aedda418cf8b428c9d634f"}}
[debug] [2022-09-05T21:58:05.083Z] <<< [apiv2][status] POST https://firebasehosting.googleapis.com/v1beta1/projects/72657263080/sites/todo-app-firebase-react-70d48/versions/c388808b061b606c:populateFiles 200
[debug] [2022-09-05T21:58:05.083Z] <<< [apiv2][body] POST https://firebasehosting.googleapis.com/v1beta1/projects/72657263080/sites/todo-app-firebase-react-70d48/versions/c388808b061b606c:populateFiles {"uploadRequiredHashes":["04d09b5880c3c81cf0ff66f5193dec7e3f0d4c2f67aedda418cf8b428c9d634f","5610b7f758a9a89c87ae0cde4f851988abf11af4aed6cb9faa1baf6d88c5af3b","425a0b6b781eb8759a32effc6d4f8b19f804edef691def6d13c4fbf4a444a63e","377aaf5aeab532b1c006561e787ea27f150b398468bc05926f0005b90d662958","1d5366ca3d025763e97ff59b958f9ad3b59033c2ac938d90e6707245b6314167","55203fafb8274fe29c03af16397890e9c42d45248b7646cff1dba874e8e8c84f","0d4714382b6c6c809d94398d64cb8ca762cdcf49bd484d5d446360d36af505a0"],"uploadUrl":"https://upload-firebasehosting.googleapis.com/upload/sites/todo-app-firebase-react-70d48/versions/c388808b061b606c/files"}
[debug] [2022-09-05T21:58:05.089Z] >>> [apiv2][query] POST https://upload-firebasehosting.googleapis.com/upload/sites/todo-app-firebase-react-70d48/versions/c388808b061b606c/files/04d09b5880c3c81cf0ff66f5193dec7e3f0d4c2f67aedda418cf8b428c9d634f [none]
[debug] [2022-09-05T21:58:05.089Z] >>> [apiv2][body] POST https://upload-firebasehosting.googleapis.com/upload/sites/todo-app-firebase-react-70d48/versions/c388808b061b606c/files/04d09b5880c3c81cf0ff66f5193dec7e3f0d4c2f67aedda418cf8b428c9d634f [stream]
[debug] [2022-09-05T21:58:05.091Z] >>> [apiv2][query] POST https://upload-firebasehosting.googleapis.com/upload/sites/todo-app-firebase-react-70d48/versions/c388808b061b606c/files/5610b7f758a9a89c87ae0cde4f851988abf11af4aed6cb9faa1baf6d88c5af3b [none]
[debug] [2022-09-05T21:58:05.091Z] >>> [apiv2][body] POST https://upload-firebasehosting.googleapis.com/upload/sites/todo-app-firebase-react-70d48/versions/c388808b061b606c/files/5610b7f758a9a89c87ae0cde4f851988abf11af4aed6cb9faa1baf6d88c5af3b [stream]
[debug] [2022-09-05T21:58:05.092Z] >>> [apiv2][query] POST https://upload-firebasehosting.googleapis.com/upload/sites/todo-app-firebase-react-70d48/versions/c388808b061b606c/files/425a0b6b781eb8759a32effc6d4f8b19f804edef691def6d13c4fbf4a444a63e [none]
[debug] [2022-09-05T21:58:05.092Z] >>> [apiv2][body] POST https://upload-firebasehosting.googleapis.com/upload/sites/todo-app-firebase-react-70d48/versions/c388808b061b606c/files/425a0b6b781eb8759a32effc6d4f8b19f804edef691def6d13c4fbf4a444a63e [stream]
[debug] [2022-09-05T21:58:05.094Z] >>> [apiv2][query] POST https://upload-firebasehosting.googleapis.com/upload/sites/todo-app-firebase-react-70d48/versions/c388808b061b606c/files/377aaf5aeab532b1c006561e787ea27f150b398468bc05926f0005b90d662958 [none]
[debug] [2022-09-05T21:58:05.094Z] >>> [apiv2][body] POST https://upload-firebasehosting.googleapis.com/upload/sites/todo-app-firebase-react-70d48/versions/c388808b061b606c/files/377aaf5aeab532b1c006561e787ea27f150b398468bc05926f0005b90d662958 [stream]
[debug] [2022-09-05T21:58:05.095Z] >>> [apiv2][query] POST https://upload-firebasehosting.googleapis.com/upload/sites/todo-app-firebase-react-70d48/versions/c388808b061b606c/files/1d5366ca3d025763e97ff59b958f9ad3b59033c2ac938d90e6707245b6314167 [none]
[debug] [2022-09-05T21:58:05.095Z] >>> [apiv2][body] POST https://upload-firebasehosting.googleapis.com/upload/sites/todo-app-firebase-react-70d48/versions/c388808b061b606c/files/1d5366ca3d025763e97ff59b958f9ad3b59033c2ac938d90e6707245b6314167 [stream]
[debug] [2022-09-05T21:58:05.096Z] >>> [apiv2][query] POST https://upload-firebasehosting.googleapis.com/upload/sites/todo-app-firebase-react-70d48/versions/c388808b061b606c/files/55203fafb8274fe29c03af16397890e9c42d45248b7646cff1dba874e8e8c84f [none]
[debug] [2022-09-05T21:58:05.096Z] >>> [apiv2][body] POST https://upload-firebasehosting.googleapis.com/upload/sites/todo-app-firebase-react-70d48/versions/c388808b061b606c/files/55203fafb8274fe29c03af16397890e9c42d45248b7646cff1dba874e8e8c84f [stream]
[debug] [2022-09-05T21:58:05.098Z] >>> [apiv2][query] POST https://upload-firebasehosting.googleapis.com/upload/sites/todo-app-firebase-react-70d48/versions/c388808b061b606c/files/0d4714382b6c6c809d94398d64cb8ca762cdcf49bd484d5d446360d36af505a0 [none]
[debug] [2022-09-05T21:58:05.098Z] >>> [apiv2][body] POST https://upload-firebasehosting.googleapis.com/upload/sites/todo-app-firebase-react-70d48/versions/c388808b061b606c/files/0d4714382b6c6c809d94398d64cb8ca762cdcf49bd484d5d446360d36af505a0 [stream]
[debug] [2022-09-05T21:58:05.100Z] [hosting][populate queue][FINAL] {"max":3210,"min":3210,"avg":3210,"active":0,"complete":1,"success":1,"errored":0,"retried":0,"total":1,"elapsed":3222}
[debug] [2022-09-05T21:58:05.100Z] [hosting] uploads queued: 7
[debug] [2022-09-05T21:58:12.476Z] <<< [apiv2][status] POST https://upload-firebasehosting.googleapis.com/upload/sites/todo-app-firebase-react-70d48/versions/c388808b061b606c/files/1d5366ca3d025763e97ff59b958f9ad3b59033c2ac938d90e6707245b6314167 200
[debug] [2022-09-05T21:58:12.476Z] <<< [apiv2][body] POST https://upload-firebasehosting.googleapis.com/upload/sites/todo-app-firebase-react-70d48/versions/c388808b061b606c/files/1d5366ca3d025763e97ff59b958f9ad3b59033c2ac938d90e6707245b6314167 [stream]
[debug] [2022-09-05T21:58:12.623Z] <<< [apiv2][status] POST https://upload-firebasehosting.googleapis.com/upload/sites/todo-app-firebase-react-70d48/versions/c388808b061b606c/files/55203fafb8274fe29c03af16397890e9c42d45248b7646cff1dba874e8e8c84f 200
[debug] [2022-09-05T21:58:12.623Z] <<< [apiv2][body] POST https://upload-firebasehosting.googleapis.com/upload/sites/todo-app-firebase-react-70d48/versions/c388808b061b606c/files/55203fafb8274fe29c03af16397890e9c42d45248b7646cff1dba874e8e8c84f [stream]
[debug] [2022-09-05T21:58:14.691Z] <<< [apiv2][status] POST https://upload-firebasehosting.googleapis.com/upload/sites/todo-app-firebase-react-70d48/versions/c388808b061b606c/files/5610b7f758a9a89c87ae0cde4f851988abf11af4aed6cb9faa1baf6d88c5af3b 200
[debug] [2022-09-05T21:58:14.692Z] <<< [apiv2][body] POST https://upload-firebasehosting.googleapis.com/upload/sites/todo-app-firebase-react-70d48/versions/c388808b061b606c/files/5610b7f758a9a89c87ae0cde4f851988abf11af4aed6cb9faa1baf6d88c5af3b [stream]
[debug] [2022-09-05T21:58:14.693Z] <<< [apiv2][status] POST https://upload-firebasehosting.googleapis.com/upload/sites/todo-app-firebase-react-70d48/versions/c388808b061b606c/files/377aaf5aeab532b1c006561e787ea27f150b398468bc05926f0005b90d662958 200
[debug] [2022-09-05T21:58:14.693Z] <<< [apiv2][body] POST https://upload-firebasehosting.googleapis.com/upload/sites/todo-app-firebase-react-70d48/versions/c388808b061b606c/files/377aaf5aeab532b1c006561e787ea27f150b398468bc05926f0005b90d662958 [stream]
[debug] [2022-09-05T21:58:16.688Z] <<< [apiv2][status] POST https://upload-firebasehosting.googleapis.com/upload/sites/todo-app-firebase-react-70d48/versions/c388808b061b606c/files/0d4714382b6c6c809d94398d64cb8ca762cdcf49bd484d5d446360d36af505a0 200
[debug] [2022-09-05T21:58:16.688Z] <<< [apiv2][body] POST https://upload-firebasehosting.googleapis.com/upload/sites/todo-app-firebase-react-70d48/versions/c388808b061b606c/files/0d4714382b6c6c809d94398d64cb8ca762cdcf49bd484d5d446360d36af505a0 [stream]
[debug] [2022-09-05T21:58:17.938Z] <<< [apiv2][status] POST https://upload-firebasehosting.googleapis.com/upload/sites/todo-app-firebase-react-70d48/versions/c388808b061b606c/files/425a0b6b781eb8759a32effc6d4f8b19f804edef691def6d13c4fbf4a444a63e 200
[debug] [2022-09-05T21:58:17.939Z] <<< [apiv2][body] POST https://upload-firebasehosting.googleapis.com/upload/sites/todo-app-firebase-react-70d48/versions/c388808b061b606c/files/425a0b6b781eb8759a32effc6d4f8b19f804edef691def6d13c4fbf4a444a63e [stream]
[debug] [2022-09-05T21:59:19.769Z] [uploadQueue] Retrying task 04d09b5880c3c81cf0ff66f5193dec7e3f0d4c2f67aedda418cf8b428c9d634f
[debug] [2022-09-05T21:59:19.771Z] >>> [apiv2][query] POST https://upload-firebasehosting.googleapis.com/upload/sites/todo-app-firebase-react-70d48/versions/c388808b061b606c/files/04d09b5880c3c81cf0ff66f5193dec7e3f0d4c2f67aedda418cf8b428c9d634f [none]
[debug] [2022-09-05T21:59:19.772Z] >>> [apiv2][body] POST https://upload-firebasehosting.googleapis.com/upload/sites/todo-app-firebase-react-70d48/versions/c388808b061b606c/files/04d09b5880c3c81cf0ff66f5193dec7e3f0d4c2f67aedda418cf8b428c9d634f [stream]
[debug] [2022-09-05T21:59:27.308Z] <<< [apiv2][status] POST https://upload-firebasehosting.googleapis.com/upload/sites/todo-app-firebase-react-70d48/versions/c388808b061b606c/files/04d09b5880c3c81cf0ff66f5193dec7e3f0d4c2f67aedda418cf8b428c9d634f 200
[debug] [2022-09-05T21:59:27.309Z] <<< [apiv2][body] POST https://upload-firebasehosting.googleapis.com/upload/sites/todo-app-firebase-react-70d48/versions/c388808b061b606c/files/04d09b5880c3c81cf0ff66f5193dec7e3f0d4c2f67aedda418cf8b428c9d634f [stream]
[debug] [2022-09-05T21:59:27.309Z] [hosting][upload queue][FINAL] {"max":12854,"min":7390,"avg":9447.857142857143,"active":0,"complete":7,"success":7,"errored":0,"retried":1,"total":7,"elapsed":82225}
[info] ✔  hosting[todo-app-firebase-react-70d48]: file upload complete 
[debug] [2022-09-05T21:59:27.312Z] [hosting] deploy completed after 86233ms
[debug] [2022-09-05T21:59:27.336Z] [
  {
    "config": {
      "public": "build",
      "ignore": [
        "firebase.json",
        "**/.*",
        "**/node_modules/**"
      ],
      "rewrites": [
        {
          "source": "**",
          "destination": "/index.html"
        }
      ],
      "site": "todo-app-firebase-react-70d48"
    },
    "site": "todo-app-firebase-react-70d48",
    "version": "projects/72657263080/sites/todo-app-firebase-react-70d48/versions/c388808b061b606c"
  }
]
[info] i  hosting[todo-app-firebase-react-70d48]: finalizing version... 
[debug] [2022-09-05T21:59:27.341Z] >>> [apiv2][query] PATCH https://firebasehosting.googleapis.com/v1beta1/projects/72657263080/sites/todo-app-firebase-react-70d48/versions/c388808b061b606c updateMask=status%2Cconfig
[debug] [2022-09-05T21:59:27.342Z] >>> [apiv2][body] PATCH https://firebasehosting.googleapis.com/v1beta1/projects/72657263080/sites/todo-app-firebase-react-70d48/versions/c388808b061b606c {"status":"FINALIZED","config":{"rewrites":[{"glob":"**","path":"/index.html"}]}}
[debug] [2022-09-05T21:59:32.549Z] <<< [apiv2][status] PATCH https://firebasehosting.googleapis.com/v1beta1/projects/72657263080/sites/todo-app-firebase-react-70d48/versions/c388808b061b606c 200
[debug] [2022-09-05T21:59:32.551Z] <<< [apiv2][body] PATCH https://firebasehosting.googleapis.com/v1beta1/projects/72657263080/sites/todo-app-firebase-react-70d48/versions/c388808b061b606c {"name":"projects/72657263080/sites/todo-app-firebase-react-70d48/versions/c388808b061b606c","status":"FINALIZED","config":{"rewrites":[{"glob":"**","path":"/index.html"}]},"labels":{"deployment-tool":"cli-firebase"},"createTime":"2022-09-05T21:58:00.489452Z","createUser":{"email":"wajahatabbas27@gmail.com"},"finalizeTime":"2022-09-05T21:59:30.159924Z","finalizeUser":{"email":"wajahatabbas27@gmail.com"}}
[debug] [2022-09-05T21:59:32.551Z] [hosting] finalized version for todo-app-firebase-react-70d48:[object Object]
[info] ✔  hosting[todo-app-firebase-react-70d48]: version finalized 
[info] i  hosting[todo-app-firebase-react-70d48]: releasing new version... 
[debug] [2022-09-05T21:59:32.556Z] >>> [apiv2][query] POST https://firebasehosting.googleapis.com/v1beta1/projects/72657263080/sites/todo-app-firebase-react-70d48/releases versionName=projects%2F72657263080%2Fsites%2Ftodo-app-firebase-react-70d48%2Fversions%2Fc388808b061b606c
[debug] [2022-09-05T21:59:32.556Z] >>> [apiv2][body] POST https://firebasehosting.googleapis.com/v1beta1/projects/72657263080/sites/todo-app-firebase-react-70d48/releases {"message":null}
[debug] [2022-09-05T21:59:36.120Z] <<< [apiv2][status] POST https://firebasehosting.googleapis.com/v1beta1/projects/72657263080/sites/todo-app-firebase-react-70d48/releases 200
[debug] [2022-09-05T21:59:36.121Z] <<< [apiv2][body] POST https://firebasehosting.googleapis.com/v1beta1/projects/72657263080/sites/todo-app-firebase-react-70d48/releases {"name":"projects/72657263080/sites/todo-app-firebase-react-70d48/releases/1662415174697094","version":{"name":"projects/72657263080/sites/todo-app-firebase-react-70d48/versions/c388808b061b606c","status":"FINALIZED","config":{"rewrites":[{"glob":"**","path":"/index.html"}]},"labels":{"deployment-tool":"cli-firebase"},"createTime":"2022-09-05T21:58:00.489452Z","createUser":{"email":"wajahatabbas27@gmail.com","imageUrl":"https://lh3.googleusercontent.com/a-/AFdZucqC7tqcZfIyxe7NJISCRMQcT2Gb0QuhKjb5bMSSUOQ"},"finalizeTime":"2022-09-05T21:59:30.159924Z","finalizeUser":{"email":"wajahatabbas27@gmail.com","imageUrl":"https://lh3.googleusercontent.com/a-/AFdZucqC7tqcZfIyxe7NJISCRMQcT2Gb0QuhKjb5bMSSUOQ"}},"type":"DEPLOY","releaseTime":"2022-09-05T21:59:34.697094176Z","releaseUser":{"email":"wajahatabbas27@gmail.com","imageUrl":"https://lh3.googleusercontent.com/a-/AFdZucqC7tqcZfIyxe7NJISCRMQcT2Gb0QuhKjb5bMSSUOQ"}}
[debug] [2022-09-05T21:59:36.121Z] [hosting] release: {"name":"projects/72657263080/sites/todo-app-firebase-react-70d48/releases/1662415174697094","version":{"name":"projects/72657263080/sites/todo-app-firebase-react-70d48/versions/c388808b061b606c","status":"FINALIZED","config":{"rewrites":[{"glob":"**","path":"/index.html"}]},"labels":{"deployment-tool":"cli-firebase"},"createTime":"2022-09-05T21:58:00.489452Z","createUser":{"email":"wajahatabbas27@gmail.com","imageUrl":"https://lh3.googleusercontent.com/a-/AFdZucqC7tqcZfIyxe7NJISCRMQcT2Gb0QuhKjb5bMSSUOQ"},"finalizeTime":"2022-09-05T21:59:30.159924Z","finalizeUser":{"email":"wajahatabbas27@gmail.com","imageUrl":"https://lh3.googleusercontent.com/a-/AFdZucqC7tqcZfIyxe7NJISCRMQcT2Gb0QuhKjb5bMSSUOQ"}},"type":"DEPLOY","releaseTime":"2022-09-05T21:59:34.697094176Z","releaseUser":{"email":"wajahatabbas27@gmail.com","imageUrl":"https://lh3.googleusercontent.com/a-/AFdZucqC7tqcZfIyxe7NJISCRMQcT2Gb0QuhKjb5bMSSUOQ"}}
[info] ✔  hosting[todo-app-firebase-react-70d48]: release complete 
[info] 
[info] ✔  Deploy complete! 
[info] 
[info] Project Console: https://console.firebase.google.com/project/todo-app-firebase-react-70d48/overview
[info] Hosting URL: https://todo-app-firebase-react-70d48.web.app
[debug] [2022-09-05T21:59:50.204Z] Error: Timed out.
    at Timeout._onTimeout (/home/wajahat-az/.nvm/versions/node/v16.13.0/lib/node_modules/firebase-tools/lib/utils.js:253:49)
    at listOnTimeout (node:internal/timers:557:17)
    at processTimers (node:internal/timers:500:7)
[error] 
[error] Error: An unexpected error has occurred.
